<?xml version="1.0" encoding="UTF-8"?>
<!-- Generated by org.testng.reporters.JUnitReportReporter -->
<testsuite hostname="Pebbles" failures="0" tests="1" name="com.firebase.Firebase" time="17.178" errors="0" timestamp="2023-12-05T17:21:37 EST" skipped="0">
  <testcase classname="com.firebase.Firebase" name="script1" time="17.178"/>
  <system-out/>
</testsuite> <!-- com.firebase.Firebase -->
